Arguments: 
  C:\Program Files\nodejs\node.exe C:\Program Files\nodejs\node_modules\yarn\bin\yarn.js init

PATH: 
  C:\Users\davip\bin;C:\Program Files\Git\mingw64\bin;C:\Program Files\Git\usr\local\bin;C:\Program Files\Git\usr\bin;C:\Program Files\Git\usr\bin;C:\Program Files\Git\mingw64\bin;C:\Program Files\Git\usr\bin;C:\Users\davip\bin;C:\Program Files\Common Files\Oracle\Java\javapath;C:\Program Files (x86)\Common Files\Oracle\Java\javapath;C:\Windows\system32;C:\Windows;C:\Windows\System32\Wbem;C:\Windows\System32\WindowsPowerShell\v1.0;C:\Windows\System32\OpenSSH;C:\Users\davip\AppData\Roaming\nvm;C:\Program Files\nodejs;D:\Programas\laragon\bin\apache\httpd-2.4.35-win64-VC15\bin;D:\Programas\laragon\bin\composer;D:\Programas\laragon\bin\mysql\mysql-5.7.24-winx64\bin;D:\Programas\laragon\bin\nginx\nginx-1.16.0;D:\Programas\laragon\bin\ngrok;D:\Programas\laragon\bin\php\php-7.2.19-Win32-VC15-x64;D:\Programas\laragon\bin\redis\redis-x64-3.2.100;D:\Programas\Ruby27-x64\bin;C:\Program Files\NVIDIA Corporation\NVIDIA NvDLISR;C:\Program Files (x86)\NVIDIA Corporation\PhysX\Common;C:\Program Files\dotnet;C:\Users\HardWork\AppData\Roaming\nvm;C:\Program Files\nodejs;C:\Program Files\Docker\Docker\resources\bin;C:\ProgramData\DockerDesktop\version-bin;D:\dev\Android\SDK\platform-tools;C:\Program Files\Git\cmd;C:\Users\davip\AppData\Local\Microsoft\WindowsApps;C:\Users\davip\AppData\Roaming\nvm;C:\Program Files\nodejs;C:\Users\davip\AppData\Local\Programs\Microsoft VS Code\bin;C:\Program Files\Git\usr\bin\vendor_perl;C:\Program Files\Git\usr\bin\core_perl

Yarn version: 
  1.22.19

Node version: 
  14.20.0

Platform: 
  win32 x64

Trace: 
  Error: Can't answer a question unless a user TTY
      at ConsoleReporter.question (C:\Users\HardWork\AppData\Roaming\nvm\v14.20.0\node_modules\yarn\lib\cli.js:92864:59)
      at Object.<anonymous> (C:\Users\HardWork\AppData\Roaming\nvm\v14.20.0\node_modules\yarn\lib\cli.js:85054:38)
      at Generator.next (<anonymous>)
      at step (C:\Users\HardWork\AppData\Roaming\nvm\v14.20.0\node_modules\yarn\lib\cli.js:310:30)
      at C:\Users\HardWork\AppData\Roaming\nvm\v14.20.0\node_modules\yarn\lib\cli.js:321:13
      at processTicksAndRejections (internal/process/task_queues.js:95:5)

npm manifest: 
  No manifest

yarn manifest: 
  No manifest

Lockfile: 
  No lockfile
